0 info it worked if it ends with ok
1 verbose cli [ 'node', '/usr/local/bin/npm', 'install', 'clipboard', '--save' ]
2 info using npm@2.11.3
3 info using node@v0.12.7
4 verbose install initial load of /Users/anderstornoe/Documents/mainGulpFolder/package.json
5 warn package.json gulp_folder@1.0.0 Normalized value of bugs field is an empty object. Deleted.
6 warn package.json gulp_folder@1.0.0 No README data
7 verbose installManyTop reading scoped package data from /Users/anderstornoe/Documents/mainGulpFolder/node_modules/gulp/package.json
8 verbose installManyTop reading scoped package data from /Users/anderstornoe/Documents/mainGulpFolder/node_modules/gulp-concat/package.json
9 verbose installManyTop reading scoped package data from /Users/anderstornoe/Documents/mainGulpFolder/node_modules/gulp-connect/package.json
10 verbose installManyTop reading scoped package data from /Users/anderstornoe/Documents/mainGulpFolder/node_modules/gulp-if/package.json
11 verbose installManyTop reading scoped package data from /Users/anderstornoe/Documents/mainGulpFolder/node_modules/gulp-install/package.json
12 verbose installManyTop reading scoped package data from /Users/anderstornoe/Documents/mainGulpFolder/node_modules/gulp-jshint/package.json
13 verbose installManyTop reading scoped package data from /Users/anderstornoe/Documents/mainGulpFolder/node_modules/gulp-livereload/package.json
14 verbose installManyTop reading scoped package data from /Users/anderstornoe/Documents/mainGulpFolder/node_modules/gulp-minify-css/package.json
15 verbose installManyTop reading scoped package data from /Users/anderstornoe/Documents/mainGulpFolder/node_modules/gulp-minify-html/package.json
16 verbose installManyTop reading scoped package data from /Users/anderstornoe/Documents/mainGulpFolder/node_modules/gulp-plumber/package.json
17 verbose installManyTop reading scoped package data from /Users/anderstornoe/Documents/mainGulpFolder/node_modules/gulp-rename/package.json
18 verbose installManyTop reading scoped package data from /Users/anderstornoe/Documents/mainGulpFolder/node_modules/gulp-series/package.json
19 verbose installManyTop reading scoped package data from /Users/anderstornoe/Documents/mainGulpFolder/node_modules/gulp-strip-debug/package.json
20 verbose installManyTop reading scoped package data from /Users/anderstornoe/Documents/mainGulpFolder/node_modules/gulp-uglify/package.json
21 verbose installManyTop reading scoped package data from /Users/anderstornoe/Documents/mainGulpFolder/node_modules/gulp-util/package.json
22 verbose installManyTop reading scoped package data from /Users/anderstornoe/Documents/mainGulpFolder/node_modules/jshint-stylish/package.json
23 verbose installManyTop reading scoped package data from /Users/anderstornoe/Documents/mainGulpFolder/node_modules/vinyl-ftp/package.json
24 info package.json gulp-rename@1.2.2 No license field.
25 verbose readDependencies loading dependencies from /Users/anderstornoe/Documents/mainGulpFolder/package.json
26 silly cache add args [ 'clipboard', null ]
27 verbose cache add spec clipboard
28 silly cache add parsed spec { raw: 'clipboard',
28 silly cache add   scope: null,
28 silly cache add   name: 'clipboard',
28 silly cache add   rawSpec: '',
28 silly cache add   spec: '*',
28 silly cache add   type: 'range' }
29 silly addNamed clipboard@*
30 verbose addNamed "*" is a valid semver range for clipboard
31 silly addNameRange { name: 'clipboard', range: '*', hasData: false }
32 silly mapToRegistry name clipboard
33 silly mapToRegistry using default registry
34 silly mapToRegistry registry https://registry.npmjs.org/
35 silly mapToRegistry uri https://registry.npmjs.org/clipboard
36 verbose addNameRange registry:https://registry.npmjs.org/clipboard not in flight; fetching
37 verbose request uri https://registry.npmjs.org/clipboard
38 verbose request no auth needed
39 info attempt registry request try #1 at 14:43:40
40 verbose request id 0386e05600a2f5e6
41 http request GET https://registry.npmjs.org/clipboard
42 http 200 https://registry.npmjs.org/clipboard
43 silly get cb [ 200,
43 silly get   { server: 'CouchDB/1.5.0 (Erlang OTP/R16B03)',
43 silly get     etag: '"CHPTFZ3K2YLNO57YGSFP29108"',
43 silly get     'content-type': 'application/json',
43 silly get     'content-encoding': 'gzip',
43 silly get     'cache-control': 'max-age=300',
43 silly get     'content-length': '8469',
43 silly get     'accept-ranges': 'bytes',
43 silly get     date: 'Fri, 30 Sep 2016 12:43:40 GMT',
43 silly get     via: '1.1 varnish',
43 silly get     age: '12',
43 silly get     connection: 'keep-alive',
43 silly get     'x-served-by': 'cache-bma7023-BMA',
43 silly get     'x-cache': 'HIT',
43 silly get     'x-cache-hits': '1',
43 silly get     'x-timer': 'S1475239420.558370,VS0,VE0',
43 silly get     vary: 'Accept-Encoding' } ]
44 verbose get saving clipboard to /Users/anderstornoe/.npm/registry.npmjs.org/clipboard/.cache.json
45 silly addNameRange number 2 { name: 'clipboard', range: '*', hasData: true }
46 silly addNameRange versions [ 'clipboard',
46 silly addNameRange   [ '0.0.1',
46 silly addNameRange     '0.0.2',
46 silly addNameRange     '0.0.4',
46 silly addNameRange     '0.0.5',
46 silly addNameRange     '0.0.6',
46 silly addNameRange     '0.0.7',
46 silly addNameRange     '0.0.8',
46 silly addNameRange     '0.1.0',
46 silly addNameRange     '0.1.1',
46 silly addNameRange     '1.0.0',
46 silly addNameRange     '1.1.0',
46 silly addNameRange     '1.2.0',
46 silly addNameRange     '1.3.1',
46 silly addNameRange     '1.4.0',
46 silly addNameRange     '1.4.2',
46 silly addNameRange     '1.5.0',
46 silly addNameRange     '1.5.1',
46 silly addNameRange     '1.5.2',
46 silly addNameRange     '1.5.3',
46 silly addNameRange     '1.5.4',
46 silly addNameRange     '1.5.5',
46 silly addNameRange     '1.5.7',
46 silly addNameRange     '1.5.8',
46 silly addNameRange     '1.5.9',
46 silly addNameRange     '1.5.10',
46 silly addNameRange     '1.5.11',
46 silly addNameRange     '1.5.12' ] ]
47 silly addNamed clipboard@1.5.12
48 verbose addNamed "1.5.12" is a plain semver version for clipboard
49 silly mapToRegistry name clipboard
50 silly mapToRegistry using default registry
51 silly mapToRegistry registry https://registry.npmjs.org/
52 silly mapToRegistry uri https://registry.npmjs.org/clipboard
53 verbose addRemoteTarball https://registry.npmjs.org/clipboard/-/clipboard-1.5.12.tgz not in flight; adding
54 verbose addRemoteTarball [ 'https://registry.npmjs.org/clipboard/-/clipboard-1.5.12.tgz',
54 verbose addRemoteTarball   '3728550b63613627b25614781d690f75ac7ee4bb' ]
55 info retry fetch attempt 1 at 14:43:40
56 info attempt registry request try #1 at 14:43:40
57 http fetch GET https://registry.npmjs.org/clipboard/-/clipboard-1.5.12.tgz
58 http fetch 200 https://registry.npmjs.org/clipboard/-/clipboard-1.5.12.tgz
59 silly fetchAndShaCheck shasum 3728550b63613627b25614781d690f75ac7ee4bb
60 verbose addTmpTarball /var/folders/tq/hwp0vsfd31n8y5qnkc16nx8m0000gq/T/npm-71612-8edacf70/registry.npmjs.org/clipboard/-/clipboard-1.5.12.tgz not in flight; adding
61 verbose addTmpTarball already have metadata; skipping unpack for clipboard@1.5.12
62 silly cache afterAdd clipboard@1.5.12
63 verbose afterAdd /Users/anderstornoe/.npm/clipboard/1.5.12/package/package.json not in flight; writing
64 verbose afterAdd /Users/anderstornoe/.npm/clipboard/1.5.12/package/package.json written
65 silly install resolved [ { name: 'clipboard',
65 silly install resolved     version: '1.5.12',
65 silly install resolved     description: 'Modern copy to clipboard. No Flash. Just 2kb',
65 silly install resolved     repository:
65 silly install resolved      { type: 'git',
65 silly install resolved        url: 'git+https://github.com/zenorocha/clipboard.js.git' },
65 silly install resolved     license: 'MIT',
65 silly install resolved     main: 'lib/clipboard.js',
65 silly install resolved     keywords: [ 'clipboard', 'copy', 'cut' ],
65 silly install resolved     dependencies:
65 silly install resolved      { 'good-listener': '^1.1.6',
65 silly install resolved        select: '^1.0.6',
65 silly install resolved        'tiny-emitter': '^1.0.0' },
65 silly install resolved     devDependencies:
65 silly install resolved      { 'babel-cli': '^6.5.1',
65 silly install resolved        'babel-core': '^6.5.2',
65 silly install resolved        'babel-plugin-transform-es2015-modules-umd': '^6.5.0',
65 silly install resolved        'babel-preset-es2015': '^6.5.0',
65 silly install resolved        'babel-preset-es2015-loose': '^7.0.0',
65 silly install resolved        babelify: '^7.2.0',
65 silly install resolved        bannerify: 'github:vekat/bannerify#feature-option',
65 silly install resolved        browserify: '^13.0.0',
65 silly install resolved        chai: '^3.4.1',
65 silly install resolved        install: '^0.4.4',
65 silly install resolved        karma: '^0.13.10',
65 silly install resolved        'karma-browserify': '^5.0.1',
65 silly install resolved        'karma-chai': '^0.1.0',
65 silly install resolved        'karma-mocha': '^0.2.0',
65 silly install resolved        'karma-phantomjs-launcher': '^1.0.0',
65 silly install resolved        'karma-sinon': '^1.0.4',
65 silly install resolved        mocha: '^2.3.3',
65 silly install resolved        'phantomjs-prebuilt': '^2.1.4',
65 silly install resolved        sinon: '^1.17.2',
65 silly install resolved        'uglify-js': '^2.4.24',
65 silly install resolved        watchify: '^3.4.0' },
65 silly install resolved     scripts:
65 silly install resolved      { build: 'npm run build-debug && npm run build-min',
65 silly install resolved        'build-debug': 'browserify src/clipboard.js -s Clipboard -t [babelify] -p [bannerify --file .banner ] -o dist/clipboard.js',
65 silly install resolved        'build-min': 'uglifyjs dist/clipboard.js --comments \'/!/\' -m screw_ie8=true -c screw_ie8=true,unused=false -o dist/clipboard.min.js',
65 silly install resolved        'build-watch': 'watchify src/clipboard.js -s Clipboard -t [babelify] -o dist/clipboard.js -v',
65 silly install resolved        test: 'karma start --single-run',
65 silly install resolved        prepublish: 'babel src --out-dir lib --loose all' },
65 silly install resolved     gitHead: 'eb7418b51bb3c963893d83954c5cfa4de3f7f527',
65 silly install resolved     bugs: { url: 'https://github.com/zenorocha/clipboard.js/issues' },
65 silly install resolved     homepage: 'https://github.com/zenorocha/clipboard.js#readme',
65 silly install resolved     _id: 'clipboard@1.5.12',
65 silly install resolved     _shasum: '3728550b63613627b25614781d690f75ac7ee4bb',
65 silly install resolved     _from: 'clipboard@*',
65 silly install resolved     _npmVersion: '3.9.3',
65 silly install resolved     _nodeVersion: '5.1.1',
65 silly install resolved     _npmUser: { name: 'zenorocha', email: 'zno.rocha@gmail.com' },
65 silly install resolved     maintainers: [ [Object] ],
65 silly install resolved     dist:
65 silly install resolved      { shasum: '3728550b63613627b25614781d690f75ac7ee4bb',
65 silly install resolved        tarball: 'https://registry.npmjs.org/clipboard/-/clipboard-1.5.12.tgz' },
65 silly install resolved     _npmOperationalInternal:
65 silly install resolved      { host: 'packages-12-west.internal.npmjs.com',
65 silly install resolved        tmp: 'tmp/clipboard-1.5.12.tgz_1465484273370_0.1706970576196909' },
65 silly install resolved     directories: {},
65 silly install resolved     _resolved: 'https://registry.npmjs.org/clipboard/-/clipboard-1.5.12.tgz' } ]
66 info install clipboard@1.5.12 into /Users/anderstornoe/Documents/mainGulpFolder
67 info installOne clipboard@1.5.12
68 verbose installOne of clipboard to /Users/anderstornoe/Documents/mainGulpFolder not in flight; installing
69 warn locking Error: EACCES, open '/Users/anderstornoe/.npm/_locks/clipboard-9ad0aec48d869542.lock'
69 warn locking     at Error (native)
69 warn locking  /Users/anderstornoe/.npm/_locks/clipboard-9ad0aec48d869542.lock failed { [Error: EACCES, open '/Users/anderstornoe/.npm/_locks/clipboard-9ad0aec48d869542.lock']
69 warn locking   errno: -13,
69 warn locking   code: 'EACCES',
69 warn locking   path: '/Users/anderstornoe/.npm/_locks/clipboard-9ad0aec48d869542.lock' }
70 verbose stack Error: Attempt to unlock /Users/anderstornoe/Documents/mainGulpFolder/node_modules/clipboard, which hasn't been locked
70 verbose stack     at unlock (/usr/local/lib/node_modules/npm/lib/utils/locker.js:66:11)
70 verbose stack     at cb (/usr/local/lib/node_modules/npm/lib/install.js:1017:5)
70 verbose stack     at /usr/local/lib/node_modules/npm/lib/install.js:1021:20
70 verbose stack     at /usr/local/lib/node_modules/npm/lib/utils/locker.js:40:9
70 verbose stack     at cb (/usr/local/lib/node_modules/npm/node_modules/lockfile/lockfile.js:149:38)
70 verbose stack     at /usr/local/lib/node_modules/npm/node_modules/lockfile/lockfile.js:177:38
70 verbose stack     at FSReqWrap.oncomplete (fs.js:95:15)
71 verbose cwd /Users/anderstornoe/Documents/mainGulpFolder
72 error Darwin 14.5.0
73 error argv "node" "/usr/local/bin/npm" "install" "clipboard" "--save"
74 error node v0.12.7
75 error npm  v2.11.3
76 error Attempt to unlock /Users/anderstornoe/Documents/mainGulpFolder/node_modules/clipboard, which hasn't been locked
77 error If you need help, you may report this error at:
77 error     <https://github.com/npm/npm/issues>
78 verbose exit [ 1, true ]
